<?xml version="1.0" encoding="UTF-8"?>
<testsuite name="uk.co.autotrader.ParserTest" tests="1" skipped="0" failures="1" errors="0" timestamp="2019-06-30T23:52:38" hostname="mcr-al35660.at.autotrader.co.uk" time="0.057">
  <properties/>
  <testcase name="shouldReadFileCorrectly" classname="uk.co.autotrader.ParserTest" time="0.057">
    <failure message="org.junit.ComparisonFailure: expected:&lt;[uk.co.autotrader.FootballResults@1586f37d]&gt; but was:&lt;[&quot;      Team            P     W    L   D    F      A     Pts&#10;    1. Arsenal         38    26   9   3    79  -  36    87&#10;    2. Liverpool       38    24   8   6    67  -  30    80&#10;    3. Manchester_U    38    24   5   9    87  -  45    77&#10;    4. Newcastle       38    21   8   9    74  -  52    71&#10;    5. Leeds           38    18  12   8    53  -  37    66&#10;    6. Chelsea         38    17  13   8    66  -  38    64&#10;    7. West_Ham        38    15   8  15    48  -  57    53&#10;    8. Aston_Villa     38    12  14  12    46  -  47    50&#10;    9. Tottenham       38    14   8  16    49  -  53    50&#10;   10. Blackburn       38    12  10  16    55  -  51    46&#10;   11. Southampton     38    12   9  17    46  -  54    45&#10;   12. Middlesbrough   38    12   9  17    35  -  47    45&#10;   13. Fulham          38    10  14  14    36  -  44    44&#10;   14. Charlton        38    10  14  14    38  -  49    44&#10;   15. Everton         38    11  10  17    45  -  57    43&#10;   16. Bolton          38     9  13  16    44  -  62    40&#10;   17. Sunderland      38    10  10  18    29  -  51    40&#10;   18. Ipswich         38     9   9  20    41  -  64    36&#10;   19. Derby           38     8   6  24    33  -  63    30&#10;   20. Leicester       38     5  13  20    30  -  64    28&quot;]&gt;" type="org.junit.ComparisonFailure">org.junit.ComparisonFailure: expected:&lt;[uk.co.autotrader.FootballResults@1586f37d]&gt; but was:&lt;[&quot;      Team            P     W    L   D    F      A     Pts
    1. Arsenal         38    26   9   3    79  -  36    87
    2. Liverpool       38    24   8   6    67  -  30    80
    3. Manchester_U    38    24   5   9    87  -  45    77
    4. Newcastle       38    21   8   9    74  -  52    71
    5. Leeds           38    18  12   8    53  -  37    66
    6. Chelsea         38    17  13   8    66  -  38    64
    7. West_Ham        38    15   8  15    48  -  57    53
    8. Aston_Villa     38    12  14  12    46  -  47    50
    9. Tottenham       38    14   8  16    49  -  53    50
   10. Blackburn       38    12  10  16    55  -  51    46
   11. Southampton     38    12   9  17    46  -  54    45
   12. Middlesbrough   38    12   9  17    35  -  47    45
   13. Fulham          38    10  14  14    36  -  44    44
   14. Charlton        38    10  14  14    38  -  49    44
   15. Everton         38    11  10  17    45  -  57    43
   16. Bolton          38     9  13  16    44  -  62    40
   17. Sunderland      38    10  10  18    29  -  51    40
   18. Ipswich         38     9   9  20    41  -  64    36
   19. Derby           38     8   6  24    33  -  63    30
   20. Leicester       38     5  13  20    30  -  64    28&quot;]&gt;
	at sun.reflect.NativeConstructorAccessorImpl.newInstance0(Native Method)
	at sun.reflect.NativeConstructorAccessorImpl.newInstance(NativeConstructorAccessorImpl.java:62)
	at sun.reflect.DelegatingConstructorAccessorImpl.newInstance(DelegatingConstructorAccessorImpl.java:45)
	at uk.co.autotrader.ParserTest.shouldReadFileCorrectly(ParserTest.java:35)
	at sun.reflect.NativeMethodAccessorImpl.invoke0(Native Method)
	at sun.reflect.NativeMethodAccessorImpl.invoke(NativeMethodAccessorImpl.java:62)
	at sun.reflect.DelegatingMethodAccessorImpl.invoke(DelegatingMethodAccessorImpl.java:43)
	at java.lang.reflect.Method.invoke(Method.java:498)
	at org.junit.runners.model.FrameworkMethod$1.runReflectiveCall(FrameworkMethod.java:50)
	at org.junit.internal.runners.model.ReflectiveCallable.run(ReflectiveCallable.java:12)
	at org.junit.runners.model.FrameworkMethod.invokeExplosively(FrameworkMethod.java:47)
	at org.junit.internal.runners.statements.InvokeMethod.evaluate(InvokeMethod.java:17)
	at org.junit.runners.ParentRunner.runLeaf(ParentRunner.java:325)
	at org.junit.runners.BlockJUnit4ClassRunner.runChild(BlockJUnit4ClassRunner.java:78)
	at org.junit.runners.BlockJUnit4ClassRunner.runChild(BlockJUnit4ClassRunner.java:57)
	at org.junit.runners.ParentRunner$3.run(ParentRunner.java:290)
	at org.junit.runners.ParentRunner$1.schedule(ParentRunner.java:71)
	at org.junit.runners.ParentRunner.runChildren(ParentRunner.java:288)
	at org.junit.runners.ParentRunner.access$000(ParentRunner.java:58)
	at org.junit.runners.ParentRunner$2.evaluate(ParentRunner.java:268)
	at org.junit.runners.ParentRunner.run(ParentRunner.java:363)
	at org.gradle.api.internal.tasks.testing.junit.JUnitTestClassExecutor.runTestClass(JUnitTestClassExecutor.java:106)
	at org.gradle.api.internal.tasks.testing.junit.JUnitTestClassExecutor.execute(JUnitTestClassExecutor.java:58)
	at org.gradle.api.internal.tasks.testing.junit.JUnitTestClassExecutor.execute(JUnitTestClassExecutor.java:38)
	at org.gradle.api.internal.tasks.testing.junit.AbstractJUnitTestClassProcessor.processTestClass(AbstractJUnitTestClassProcessor.java:66)
	at org.gradle.api.internal.tasks.testing.SuiteTestClassProcessor.processTestClass(SuiteTestClassProcessor.java:51)
	at sun.reflect.NativeMethodAccessorImpl.invoke0(Native Method)
	at sun.reflect.NativeMethodAccessorImpl.invoke(NativeMethodAccessorImpl.java:62)
	at sun.reflect.DelegatingMethodAccessorImpl.invoke(DelegatingMethodAccessorImpl.java:43)
	at java.lang.reflect.Method.invoke(Method.java:498)
	at org.gradle.internal.dispatch.ReflectionDispatch.dispatch(ReflectionDispatch.java:35)
	at org.gradle.internal.dispatch.ReflectionDispatch.dispatch(ReflectionDispatch.java:24)
	at org.gradle.internal.dispatch.ContextClassLoaderDispatch.dispatch(ContextClassLoaderDispatch.java:32)
	at org.gradle.internal.dispatch.ProxyDispatchAdapter$DispatchingInvocationHandler.invoke(ProxyDispatchAdapter.java:93)
	at com.sun.proxy.$Proxy2.processTestClass(Unknown Source)
	at org.gradle.api.internal.tasks.testing.worker.TestWorker.processTestClass(TestWorker.java:117)
	at sun.reflect.NativeMethodAccessorImpl.invoke0(Native Method)
	at sun.reflect.NativeMethodAccessorImpl.invoke(NativeMethodAccessorImpl.java:62)
	at sun.reflect.DelegatingMethodAccessorImpl.invoke(DelegatingMethodAccessorImpl.java:43)
	at java.lang.reflect.Method.invoke(Method.java:498)
	at org.gradle.internal.dispatch.ReflectionDispatch.dispatch(ReflectionDispatch.java:35)
	at org.gradle.internal.dispatch.ReflectionDispatch.dispatch(ReflectionDispatch.java:24)
	at org.gradle.internal.remote.internal.hub.MessageHubBackedObjectConnection$DispatchWrapper.dispatch(MessageHubBackedObjectConnection.java:155)
	at org.gradle.internal.remote.internal.hub.MessageHubBackedObjectConnection$DispatchWrapper.dispatch(MessageHubBackedObjectConnection.java:137)
	at org.gradle.internal.remote.internal.hub.MessageHub$Handler.run(MessageHub.java:404)
	at org.gradle.internal.concurrent.ExecutorPolicy$CatchAndRecordFailures.onExecute(ExecutorPolicy.java:63)
	at org.gradle.internal.concurrent.ManagedExecutorImpl$1.run(ManagedExecutorImpl.java:46)
	at java.util.concurrent.ThreadPoolExecutor.runWorker(ThreadPoolExecutor.java:1149)
	at java.util.concurrent.ThreadPoolExecutor$Worker.run(ThreadPoolExecutor.java:624)
	at org.gradle.internal.concurrent.ThreadFactoryImpl$ManagedThreadRunnable.run(ThreadFactoryImpl.java:55)
	at java.lang.Thread.run(Thread.java:748)
</failure>
  </testcase>
  <system-out><![CDATA[]]></system-out>
  <system-err><![CDATA[]]></system-err>
</testsuite>
